# JRE version: OpenJDK Runtime Environment (8.0_202-b03) (build 1.8.0_202-release-1483-b03)
# Java VM: OpenJDK 64-Bit Server VM (25.202-b03 mixed mode windows-amd64 compressed oops)
Heap:
 PSYoungGen      total 302080K, used 236455K [0x00000000e0000000, 0x00000000f7b80000, 0x0000000100000000)
  eden space 287744K, 82% used [0x00000000e0000000,0x00000000ee6e9f40,0x00000000f1900000)
  from space 14336K, 0% used [0x00000000f1900000,0x00000000f1900000,0x00000000f2700000)
  to   space 17920K, 0% used [0x00000000f6a00000,0x00000000f6a00000,0x00000000f7b80000)
 ParOldGen       total 97280K, used 38455K [0x00000000a0000000, 0x00000000a5f00000, 0x00000000e0000000)
  object space 97280K, 39% used [0x00000000a0000000,0x00000000a258dc10,0x00000000a5f00000)
 Metaspace       used 66427K, capacity 68752K, committed 68992K, reserved 1110016K
  class space    used 8780K, capacity 9258K, committed 9344K, reserved 1048576K
GC Heap History (10 events):
Event: 38.896 GC heap before
{Heap before GC invocations=12 (full 2):
 PSYoungGen      total 181760K, used 169472K [0x00000000e0000000, 0x00000000f0f80000, 0x0000000100000000)
  eden space 169472K, 100% used [0x00000000e0000000,0x00000000ea580000,0x00000000ea580000)
  from space 12288K, 0% used [0x00000000ea580000,0x00000000ea580000,0x00000000eb180000)
  to   space 12800K, 0% used [0x00000000f0300000,0x00000000f0300000,0x00000000f0f80000)
 ParOldGen       total 97280K, used 15164K [0x00000000a0000000, 0x00000000a5f00000, 0x00000000e0000000)
  object space 97280K, 15% used [0x00000000a0000000,0x00000000a0ecf068,0x00000000a5f00000)
 Metaspace       used 44875K, capacity 46016K, committed 46336K, reserved 1089536K
  class space    used 5827K, capacity 6098K, committed 6144K, reserved 1048576K
Event: 38.908 GC heap after
Heap after GC invocations=12 (full 2):
 PSYoungGen      total 236544K, used 11871K [0x00000000e0000000, 0x00000000f0f00000, 0x0000000100000000)
  eden space 224256K, 0% used [0x00000000e0000000,0x00000000e0000000,0x00000000edb00000)
  from space 12288K, 96% used [0x00000000f0300000,0x00000000f0e97d00,0x00000000f0f00000)
  to   space 13824K, 0% used [0x00000000ef400000,0x00000000ef400000,0x00000000f0180000)
 ParOldGen       total 97280K, used 15244K [0x00000000a0000000, 0x00000000a5f00000, 0x00000000e0000000)
  object space 97280K, 15% used [0x00000000a0000000,0x00000000a0ee3078,0x00000000a5f00000)
 Metaspace       used 44875K, capacity 46016K, committed 46336K, reserved 1089536K
  class space    used 5827K, capacity 6098K, committed 6144K, reserved 1048576K
}
Event: 58.370 GC heap before
{Heap before GC invocations=13 (full 2):
 PSYoungGen      total 236544K, used 236127K [0x00000000e0000000, 0x00000000f0f00000, 0x0000000100000000)
  eden space 224256K, 100% used [0x00000000e0000000,0x00000000edb00000,0x00000000edb00000)
  from space 12288K, 96% used [0x00000000f0300000,0x00000000f0e97d00,0x00000000f0f00000)
  to   space 13824K, 0% used [0x00000000ef400000,0x00000000ef400000,0x00000000f0180000)
 ParOldGen       total 97280K, used 15244K [0x00000000a0000000, 0x00000000a5f00000, 0x00000000e0000000)
  object space 97280K, 15% used [0x00000000a0000000,0x00000000a0ee3078,0x00000000a5f00000)
 Metaspace       used 45209K, capacity 46400K, committed 46592K, reserved 1089536K
  class space    used 5830K, capacity 6098K, committed 6144K, reserved 1048576K
Event: 58.381 GC heap after
Heap after GC invocations=13 (full 2):
 PSYoungGen      total 263680K, used 930K [0x00000000e0000000, 0x00000000f3500000, 0x0000000100000000)
  eden space 249856K, 0% used [0x00000000e0000000,0x00000000e0000000,0x00000000ef400000)
  from space 13824K, 6% used [0x00000000ef400000,0x00000000ef4e88c0,0x00000000f0180000)
  to   space 14336K, 0% used [0x00000000f2700000,0x00000000f2700000,0x00000000f3500000)
 ParOldGen       total 97280K, used 22057K [0x00000000a0000000, 0x00000000a5f00000, 0x00000000e0000000)
  object space 97280K, 22% used [0x00000000a0000000,0x00000000a158a550,0x00000000a5f00000)
 Metaspace       used 45209K, capacity 46400K, committed 46592K, reserved 1089536K
  class space    used 5830K, capacity 6098K, committed 6144K, reserved 1048576K
}
Event: 60.092 GC heap before
{Heap before GC invocations=14 (full 2):
 PSYoungGen      total 263680K, used 250786K [0x00000000e0000000, 0x00000000f3500000, 0x0000000100000000)
  eden space 249856K, 100% used [0x00000000e0000000,0x00000000ef400000,0x00000000ef400000)
  from space 13824K, 6% used [0x00000000ef400000,0x00000000ef4e88c0,0x00000000f0180000)
  to   space 14336K, 0% used [0x00000000f2700000,0x00000000f2700000,0x00000000f3500000)
 ParOldGen       total 97280K, used 22057K [0x00000000a0000000, 0x00000000a5f00000, 0x00000000e0000000)
  object space 97280K, 22% used [0x00000000a0000000,0x00000000a158a550,0x00000000a5f00000)
 Metaspace       used 45221K, capacity 46400K, committed 46592K, reserved 1089536K
  class space    used 5830K, capacity 6098K, committed 6144K, reserved 1048576K
Event: 60.094 GC heap after
Heap after GC invocations=14 (full 2):
 PSYoungGen      total 302080K, used 2871K [0x00000000e0000000, 0x00000000f4c00000, 0x0000000100000000)
  eden space 287744K, 0% used [0x00000000e0000000,0x00000000e0000000,0x00000000f1900000)
  from space 14336K, 20% used [0x00000000f2700000,0x00000000f29cdd68,0x00000000f3500000)
  to   space 14336K, 0% used [0x00000000f1900000,0x00000000f1900000,0x00000000f2700000)
 ParOldGen       total 97280K, used 22065K [0x00000000a0000000, 0x00000000a5f00000, 0x00000000e0000000)
  object space 97280K, 22% used [0x00000000a0000000,0x00000000a158c550,0x00000000a5f00000)
 Metaspace       used 45221K, capacity 46400K, committed 46592K, reserved 1089536K
  class space    used 5830K, capacity 6098K, committed 6144K, reserved 1048576K
}
Event: 64.016 GC heap before
{Heap before GC invocations=15 (full 2):
 PSYoungGen      total 302080K, used 285784K [0x00000000e0000000, 0x00000000f4c00000, 0x0000000100000000)
  eden space 287744K, 98% used [0x00000000e0000000,0x00000000f14485c8,0x00000000f1900000)
  from space 14336K, 20% used [0x00000000f2700000,0x00000000f29cdd68,0x00000000f3500000)
  to   space 14336K, 0% used [0x00000000f1900000,0x00000000f1900000,0x00000000f2700000)
 ParOldGen       total 97280K, used 22065K [0x00000000a0000000, 0x00000000a5f00000, 0x00000000e0000000)
  object space 97280K, 22% used [0x00000000a0000000,0x00000000a158c550,0x00000000a5f00000)
 Metaspace       used 57289K, capacity 59026K, committed 59096K, reserved 1101824K
  class space    used 7385K, capacity 7768K, committed 7808K, reserved 1048576K
Event: 64.030 GC heap after
Heap after GC invocations=15 (full 2):
 PSYoungGen      total 302080K, used 14332K [0x00000000e0000000, 0x00000000f7b80000, 0x0000000100000000)
  eden space 287744K, 0% used [0x00000000e0000000,0x00000000e0000000,0x00000000f1900000)
  from space 14336K, 99% used [0x00000000f1900000,0x00000000f26ff010,0x00000000f2700000)
  to   space 17920K, 0% used [0x00000000f6a00000,0x00000000f6a00000,0x00000000f7b80000)
 ParOldGen       total 97280K, used 26509K [0x00000000a0000000, 0x00000000a5f00000, 0x00000000e0000000)
  object space 97280K, 27% used [0x00000000a0000000,0x00000000a19e3678,0x00000000a5f00000)
 Metaspace       used 57289K, capacity 59026K, committed 59096K, reserved 1101824K
  class space    used 7385K, capacity 7768K, committed 7808K, reserved 1048576K
}
Event: 64.030 GC heap before
{Heap before GC invocations=16 (full 3):
 PSYoungGen      total 302080K, used 14332K [0x00000000e0000000, 0x00000000f7b80000, 0x0000000100000000)
  eden space 287744K, 0% used [0x00000000e0000000,0x00000000e0000000,0x00000000f1900000)
  from space 14336K, 99% used [0x00000000f1900000,0x00000000f26ff010,0x00000000f2700000)
  to   space 17920K, 0% used [0x00000000f6a00000,0x00000000f6a00000,0x00000000f7b80000)
 ParOldGen       total 97280K, used 26509K [0x00000000a0000000, 0x00000000a5f00000, 0x00000000e0000000)
  object space 97280K, 27% used [0x00000000a0000000,0x00000000a19e3678,0x00000000a5f00000)
 Metaspace       used 57289K, capacity 59026K, committed 59096K, reserved 1101824K
  class space    used 7385K, capacity 7768K, committed 7808K, reserved 1048576K
Event: 64.236 GC heap after
Heap after GC invocations=16 (full 3):
 PSYoungGen      total 302080K, used 0K [0x00000000e0000000, 0x00000000f7b80000, 0x0000000100000000)
  eden space 287744K, 0% used [0x00000000e0000000,0x00000000e0000000,0x00000000f1900000)
  from space 14336K, 0% used [0x00000000f1900000,0x00000000f1900000,0x00000000f2700000)
  to   space 17920K, 0% used [0x00000000f6a00000,0x00000000f6a00000,0x00000000f7b80000)
 ParOldGen       total 97280K, used 38455K [0x00000000a0000000, 0x00000000a5f00000, 0x00000000e0000000)
  object space 97280K, 39% used [0x00000000a0000000,0x00000000a258dc10,0x00000000a5f00000)
 Metaspace       used 57248K, capacity 58920K, committed 59096K, reserved 1101824K
  class space    used 7373K, capacity 7754K, committed 7808K, reserved 1048576K
}

