# JRE version: OpenJDK Runtime Environment (8.0_202-b03) (build 1.8.0_202-release-1483-b03)
# Java VM: OpenJDK 64-Bit Server VM (25.202-b03 mixed mode windows-amd64 compressed oops)
Heap:
 PSYoungGen      total 351744K, used 222840K [0x00000000e0000000, 0x00000000fcb80000, 0x0000000100000000)
  eden space 337920K, 65% used [0x00000000e0000000,0x00000000ed99e038,0x00000000f4a00000)
  from space 13824K, 0% used [0x00000000f4a00000,0x00000000f4a00000,0x00000000f5780000)
  to   space 19456K, 0% used [0x00000000fb880000,0x00000000fb880000,0x00000000fcb80000)
 ParOldGen       total 108032K, used 38091K [0x00000000a0000000, 0x00000000a6980000, 0x00000000e0000000)
  object space 108032K, 35% used [0x00000000a0000000,0x00000000a2532d18,0x00000000a6980000)
 Metaspace       used 64700K, capacity 66908K, committed 66968K, reserved 1107968K
  class space    used 8578K, capacity 9088K, committed 9112K, reserved 1048576K
GC Heap History (10 events):
Event: 19.363 GC heap before
{Heap before GC invocations=10 (full 2):
 PSYoungGen      total 266240K, used 7900K [0x00000000e0000000, 0x00000000f2500000, 0x0000000100000000)
  eden space 252416K, 0% used [0x00000000e0000000,0x00000000e0000000,0x00000000ef680000)
  from space 13824K, 57% used [0x00000000f0380000,0x00000000f0b372e8,0x00000000f1100000)
  to   space 13312K, 0% used [0x00000000ef680000,0x00000000ef680000,0x00000000f0380000)
 ParOldGen       total 81920K, used 12822K [0x00000000a0000000, 0x00000000a5000000, 0x00000000e0000000)
  object space 81920K, 15% used [0x00000000a0000000,0x00000000a0c85878,0x00000000a5000000)
 Metaspace       used 34621K, capacity 35330K, committed 35496K, reserved 1079296K
  class space    used 4637K, capacity 4833K, committed 4864K, reserved 1048576K
Event: 19.451 GC heap after
Heap after GC invocations=10 (full 2):
 PSYoungGen      total 266240K, used 0K [0x00000000e0000000, 0x00000000f2500000, 0x0000000100000000)
  eden space 252416K, 0% used [0x00000000e0000000,0x00000000e0000000,0x00000000ef680000)
  from space 13824K, 0% used [0x00000000f0380000,0x00000000f0380000,0x00000000f1100000)
  to   space 13312K, 0% used [0x00000000ef680000,0x00000000ef680000,0x00000000f0380000)
 ParOldGen       total 108032K, used 14557K [0x00000000a0000000, 0x00000000a6980000, 0x00000000e0000000)
  object space 108032K, 13% used [0x00000000a0000000,0x00000000a0e37720,0x00000000a6980000)
 Metaspace       used 34568K, capacity 35266K, committed 35496K, reserved 1079296K
  class space    used 4620K, capacity 4813K, committed 4864K, reserved 1048576K
}
Event: 44.051 GC heap before
{Heap before GC invocations=11 (full 2):
 PSYoungGen      total 266240K, used 252416K [0x00000000e0000000, 0x00000000f2500000, 0x0000000100000000)
  eden space 252416K, 100% used [0x00000000e0000000,0x00000000ef680000,0x00000000ef680000)
  from space 13824K, 0% used [0x00000000f0380000,0x00000000f0380000,0x00000000f1100000)
  to   space 13312K, 0% used [0x00000000ef680000,0x00000000ef680000,0x00000000f0380000)
 ParOldGen       total 108032K, used 14557K [0x00000000a0000000, 0x00000000a6980000, 0x00000000e0000000)
  object space 108032K, 13% used [0x00000000a0000000,0x00000000a0e37720,0x00000000a6980000)
 Metaspace       used 45374K, capacity 46546K, committed 46592K, reserved 1089536K
  class space    used 5831K, capacity 6104K, committed 6144K, reserved 1048576K
Event: 44.064 GC heap after
Heap after GC invocations=11 (full 2):
 PSYoungGen      total 265728K, used 12311K [0x00000000e0000000, 0x00000000f6a80000, 0x0000000100000000)
  eden space 252416K, 0% used [0x00000000e0000000,0x00000000e0000000,0x00000000ef680000)
  from space 13312K, 92% used [0x00000000ef680000,0x00000000f0285d38,0x00000000f0380000)
  to   space 14336K, 0% used [0x00000000f5c80000,0x00000000f5c80000,0x00000000f6a80000)
 ParOldGen       total 108032K, used 14637K [0x00000000a0000000, 0x00000000a6980000, 0x00000000e0000000)
  object space 108032K, 13% used [0x00000000a0000000,0x00000000a0e4b730,0x00000000a6980000)
 Metaspace       used 45374K, capacity 46546K, committed 46592K, reserved 1089536K
  class space    used 5831K, capacity 6104K, committed 6144K, reserved 1048576K
}
Event: 60.028 GC heap before
{Heap before GC invocations=12 (full 2):
 PSYoungGen      total 265728K, used 264727K [0x00000000e0000000, 0x00000000f6a80000, 0x0000000100000000)
  eden space 252416K, 100% used [0x00000000e0000000,0x00000000ef680000,0x00000000ef680000)
  from space 13312K, 92% used [0x00000000ef680000,0x00000000f0285d38,0x00000000f0380000)
  to   space 14336K, 0% used [0x00000000f5c80000,0x00000000f5c80000,0x00000000f6a80000)
 ParOldGen       total 108032K, used 14637K [0x00000000a0000000, 0x00000000a6980000, 0x00000000e0000000)
  object space 108032K, 13% used [0x00000000a0000000,0x00000000a0e4b730,0x00000000a6980000)
 Metaspace       used 45589K, capacity 46738K, committed 46848K, reserved 1089536K
  class space    used 5834K, capacity 6104K, committed 6144K, reserved 1048576K
Event: 60.036 GC heap after
Heap after GC invocations=12 (full 2):
 PSYoungGen      total 340992K, used 8516K [0x00000000e0000000, 0x00000000f6500000, 0x0000000100000000)
  eden space 332288K, 0% used [0x00000000e0000000,0x00000000e0000000,0x00000000f4480000)
  from space 8704K, 97% used [0x00000000f5c80000,0x00000000f64d1398,0x00000000f6500000)
  to   space 13824K, 0% used [0x00000000f4a00000,0x00000000f4a00000,0x00000000f5780000)
 ParOldGen       total 108032K, used 14645K [0x00000000a0000000, 0x00000000a6980000, 0x00000000e0000000)
  object space 108032K, 13% used [0x00000000a0000000,0x00000000a0e4d730,0x00000000a6980000)
 Metaspace       used 45589K, capacity 46738K, committed 46848K, reserved 1089536K
  class space    used 5834K, capacity 6104K, committed 6144K, reserved 1048576K
}
Event: 63.797 GC heap before
{Heap before GC invocations=13 (full 2):
 PSYoungGen      total 340992K, used 233312K [0x00000000e0000000, 0x00000000f6500000, 0x0000000100000000)
  eden space 332288K, 67% used [0x00000000e0000000,0x00000000edb86d38,0x00000000f4480000)
  from space 8704K, 97% used [0x00000000f5c80000,0x00000000f64d1398,0x00000000f6500000)
  to   space 13824K, 0% used [0x00000000f4a00000,0x00000000f4a00000,0x00000000f5780000)
 ParOldGen       total 108032K, used 14645K [0x00000000a0000000, 0x00000000a6980000, 0x00000000e0000000)
  object space 108032K, 13% used [0x00000000a0000000,0x00000000a0e4d730,0x00000000a6980000)
 Metaspace       used 57148K, capacity 58954K, committed 59160K, reserved 1101824K
  class space    used 7323K, capacity 7682K, committed 7704K, reserved 1048576K
Event: 63.816 GC heap after
Heap after GC invocations=13 (full 2):
 PSYoungGen      total 351744K, used 13807K [0x00000000e0000000, 0x00000000fcb80000, 0x0000000100000000)
  eden space 337920K, 0% used [0x00000000e0000000,0x00000000e0000000,0x00000000f4a00000)
  from space 13824K, 99% used [0x00000000f4a00000,0x00000000f577bcf0,0x00000000f5780000)
  to   space 19456K, 0% used [0x00000000fb880000,0x00000000fb880000,0x00000000fcb80000)
 ParOldGen       total 108032K, used 26114K [0x00000000a0000000, 0x00000000a6980000, 0x00000000e0000000)
  object space 108032K, 24% used [0x00000000a0000000,0x00000000a19808b8,0x00000000a6980000)
 Metaspace       used 57148K, capacity 58954K, committed 59160K, reserved 1101824K
  class space    used 7323K, capacity 7682K, committed 7704K, reserved 1048576K
}
Event: 63.816 GC heap before
{Heap before GC invocations=14 (full 3):
 PSYoungGen      total 351744K, used 13807K [0x00000000e0000000, 0x00000000fcb80000, 0x0000000100000000)
  eden space 337920K, 0% used [0x00000000e0000000,0x00000000e0000000,0x00000000f4a00000)
  from space 13824K, 99% used [0x00000000f4a00000,0x00000000f577bcf0,0x00000000f5780000)
  to   space 19456K, 0% used [0x00000000fb880000,0x00000000fb880000,0x00000000fcb80000)
 ParOldGen       total 108032K, used 26114K [0x00000000a0000000, 0x00000000a6980000, 0x00000000e0000000)
  object space 108032K, 24% used [0x00000000a0000000,0x00000000a19808b8,0x00000000a6980000)
 Metaspace       used 57148K, capacity 58954K, committed 59160K, reserved 1101824K
  class space    used 7323K, capacity 7682K, committed 7704K, reserved 1048576K
Event: 64.074 GC heap after
Heap after GC invocations=14 (full 3):
 PSYoungGen      total 351744K, used 0K [0x00000000e0000000, 0x00000000fcb80000, 0x0000000100000000)
  eden space 337920K, 0% used [0x00000000e0000000,0x00000000e0000000,0x00000000f4a00000)
  from space 13824K, 0% used [0x00000000f4a00000,0x00000000f4a00000,0x00000000f5780000)
  to   space 19456K, 0% used [0x00000000fb880000,0x00000000fb880000,0x00000000fcb80000)
 ParOldGen       total 108032K, used 38091K [0x00000000a0000000, 0x00000000a6980000, 0x00000000e0000000)
  object space 108032K, 35% used [0x00000000a0000000,0x00000000a2532d18,0x00000000a6980000)
 Metaspace       used 57107K, capacity 58848K, committed 59160K, reserved 1101824K
  class space    used 7312K, capacity 7668K, committed 7704K, reserved 1048576K
}

